2019-10-10 17:48:54 :: get system status
2019-10-10 17:48:54 :: Version: FortiSwitch-548D-FPOE v6.2.0,build0192,191005 (Interim)
2019-10-10 17:48:54 :: Serial-Number: S548DF4K17000014
2019-10-10 17:48:54 :: BIOS version: 04000016
2019-10-10 17:48:54 :: System Part-Number: P18049-05
2019-10-10 17:48:54 :: Burn in MAC: 70:4c:a5:82:96:72
2019-10-10 17:48:54 :: Hostname: S548DF4K17000014
2019-10-10 17:48:54 :: Distribution: International
2019-10-10 17:48:54 :: Branch point: 192
2019-10-10 17:48:54 :: System time: Thu Oct 10 17:48:52 2019
2019-10-10 17:48:54 :: 
2019-10-10 17:48:54 :: S548DF4K17000014 #
2019-10-10 17:48:58 :: show switch trunk
2019-10-10 17:48:58 :: config switch trunk
2019-10-10 17:48:58 ::     edit "8DF4K17000028-0"
2019-10-10 17:48:58 ::         set mode lacp-active
2019-10-10 17:48:58 ::         set auto-isl 1
2019-10-10 17:48:58 ::             set members "port47" "port48"
2019-10-10 17:48:58 ::     next
2019-10-10 17:48:58 ::     edit "704CA5CBC3DC-0"
2019-10-10 17:48:58 ::         set mode lacp-active
2019-10-10 17:48:58 ::         set auto-isl 1
2019-10-10 17:48:58 ::         set isl-fortilink 1
2019-10-10 17:48:58 ::             set members "port50"
2019-10-10 17:48:58 ::     next
2019-10-10 17:48:58 ::     edit "704CA5A8FCFA-0"
2019-10-10 17:48:58 ::         set mode lacp-active
2019-10-10 17:48:58 ::         set auto-isl 1
2019-10-10 17:48:58 ::         set isl-fortilink 1
2019-10-10 17:48:58 ::             set members "port49"
2019-10-10 17:48:58 ::     next
2019-10-10 17:48:58 ::     edit "sw1-trunk"
2019-10-10 17:48:58 ::         set mode lacp-active
2019-10-10 17:48:58 ::         set mclag enable
2019-10-10 17:48:58 ::             set members "port13"
2019-10-10 17:48:58 ::     next
2019-10-10 17:48:58 ::     edit "core1"
2019-10-10 17:48:58 :: --More--                  set mode lacp-active
2019-10-10 17:48:58 ::         set auto-isl 1
2019-10-10 17:48:58 ::             set members "port1" "port2" "port3" "port4"
2019-10-10 17:48:58 ::     next
2019-10-10 17:48:58 :: end
2019-10-10 17:48:58 :: 
2019-10-10 17:48:58 :: S548DF4K17000014 #
2019-10-10 17:49:02 :: diagnose switch mclag peer-consistency-check
2019-10-10 17:49:02 :: 
2019-10-10 17:49:02 ::     ICL is not configured!
2019-10-10 17:49:02 :: 
2019-10-10 17:49:02 :: S548DF4K17000014 #
2019-10-10 17:49:06 :: get switch lldp neighbors-summary
2019-10-10 17:49:06 :: 
2019-10-10 17:49:06 :: Capability codes:
2019-10-10 17:49:06 :: 	R:Router, B:Bridge, T:Telephone, C:DOCSIS Cable Device
2019-10-10 17:49:06 :: 	W:WLAN Access Point, P:Repeater, S:Station, O:Other
2019-10-10 17:49:06 :: MED type codes:
2019-10-10 17:49:06 :: 	Generic:Generic Endpoint (Class 1), Media:Media Endpoint (Class 2)
2019-10-10 17:49:06 :: 	Comms:Communications Endpoint (Class 3), Network:Network Connectivity Device
2019-10-10 17:49:06 :: 
2019-10-10 17:49:06 ::   Portname    Status   Device-name                 TTL   Capability  MED-type  Port-ID
2019-10-10 17:49:06 ::   __________  _______  __________________________  ____  __________  ________  _______
2019-10-10 17:49:06 ::   port1       Up       S548DF4K16000653            120   BR          -         port1
2019-10-10 17:49:06 ::   port2       Up       S548DF4K16000653            120   BR          -         port2
2019-10-10 17:49:06 ::   port3       Up       S548DN4K17000133            120   BR          -         port3
2019-10-10 17:49:06 ::   port4       Up       S548DN4K17000133            120   BR          -         port4
2019-10-10 17:49:06 ::   port5       Down     -                           -     -           -         -
2019-10-10 17:49:06 ::   port6       Down     -                           -     -           -         -
2019-10-10 17:49:06 ::   port7       Down     -                           -     -           -         -
2019-10-10 17:49:06 ::   port8       Down     -                           -     -           -         -
2019-10-10 17:49:06 ::   port9       Down     -                           -     -           -         -
2019-10-10 17:49:06 ::   port10      Down     -                           -     -           -         -
2019-10-10 17:49:06 ::   port11      Down     -                           -     -           -         -
2019-10-10 17:49:06 ::   port12      Down     -                           -     -           -         -
2019-10-10 17:49:06 ::   port13      Down     -                           -     -           -         -
2019-10-10 17:49:06 ::   port14      Down     -                           -     -           -         -
2019-10-10 17:49:06 ::   port15      Down     -                           -     -           -         -
2019-10-10 17:49:06 ::   port16      Down     -                           -     -           -         -
2019-10-10 17:49:06 ::   port17      Down     -                           -     -           -         -
2019-10-10 17:49:06 ::   port18      Down     -                           -     -           -         -
2019-10-10 17:49:06 ::   port19      Down     -                           -     -           -         -
2019-10-10 17:49:06 ::   port20      Down     -                           -     -           -         -
2019-10-10 17:49:06 ::   port21      Down     -                           -     -           -         -
2019-10-10 17:49:06 ::   port22      Down     -                           -     -           -         -
2019-10-10 17:49:06 ::   port23      Down     -                           -     -           -         -
2019-10-10 17:49:06 ::   port24      Down     -                           -     -           -         -
2019-10-10 17:49:06 ::   port25      Down     -                           -     -           -         -
2019-10-10 17:49:06 ::   port26      Down     -                           -     -           -         -
2019-10-10 17:49:06 ::   port27      Down     -                           -     -           -         -
2019-10-10 17:49:06 ::   port28      Down     -                           -     -           -         -
2019-10-10 17:49:06 ::   port29      Down     -                           -     -           -         -
2019-10-10 17:49:06 ::   port30      Down     -                           -     -           -         -
2019-10-10 17:49:06 ::   port31      Down     -                           -     -           -         -
2019-10-10 17:49:06 ::   port32      Down     -                           -     -           -         -
2019-10-10 17:49:06 ::   port33      Down     -                           -     -           -         -
2019-10-10 17:49:06 ::   port34      Down     -                           -     -           -         -
2019-10-10 17:49:06 ::   port35      Down     -                           -     -           -         -
2019-10-10 17:49:06 ::   port36      Down     -                           -     -           -         -
2019-10-10 17:49:06 ::   port37      Down     -                           -     -           -         -
2019-10-10 17:49:06 ::   port38      Down     -                           -     -           -         -
2019-10-10 17:49:06 ::   port39      Down     -                           -     -           -         -
2019-10-10 17:49:06 ::   port40      Down     -                           -     -           -         -
2019-10-10 17:49:06 ::   port41      Down     -                           -     -           -         -
2019-10-10 17:49:06 ::   port42      Down     -                           -     -           -         -
2019-10-10 17:49:06 ::   port43      Down     -                           -     -           -         -
2019-10-10 17:49:06 ::   port44      Down     -                           -     -           -         -
2019-10-10 17:49:06 ::   port45      Down     -                           -     -           -         -
2019-10-10 17:49:06 ::   port46      Down     -                           -     -           -         -
2019-10-10 17:49:06 ::   port47      Up       S548DF4K17000028            120   BR          -         port47
2019-10-10 17:49:06 ::   port48      Up       S548DF4K17000028            120   BR          -         port48
2019-10-10 17:49:06 ::   port49      Up       FortiGate-3960E             120   BR          -         70:4c:a5:a8:fc:c6
2019-10-10 17:49:06 ::   port50      Up       FortiGate-3960E             120   BR          -         70:4c:a5:cb:c3:a8
2019-10-10 17:49:06 ::   port51      Down     -                           -     -           -         -
2019-10-10 17:49:06 ::   port52      Down     -                           -     -           -         -
2019-10-10 17:49:06 ::   port53      Down     -                           -     -           -         -
2019-10-10 17:49:06 ::   port54      Down     -                           -     -           -         -
2019-10-10 17:49:06 :: 
2019-10-10 17:49:06 :: S548DF4K17000014 #
2019-10-10 17:49:10 :: show switch interface port39
2019-10-10 17:49:10 :: config switch interface
2019-10-10 17:49:10 ::     edit "port39"
2019-10-10 17:49:10 ::         set allowed-vlans 4093
2019-10-10 17:49:10 ::         set untagged-vlans 4093
2019-10-10 17:49:10 ::         set snmp-index 39
2019-10-10 17:49:10 ::     next
2019-10-10 17:49:10 :: end
2019-10-10 17:49:10 :: 
2019-10-10 17:49:10 :: S548DF4K17000014 #
2019-10-10 17:49:14 :: get system status
2019-10-10 17:49:14 :: Version: FortiSwitch-548D-FPOE v6.2.0,build0190,191001 (Interim)
2019-10-10 17:49:14 :: Serial-Number: S548DF4K17000028
2019-10-10 17:49:14 :: BIOS version: 04000016
2019-10-10 17:49:14 :: System Part-Number: P18049-05
2019-10-10 17:49:14 :: Burn in MAC: 70:4c:a5:82:99:82
2019-10-10 17:49:14 :: Hostname: S548DF4K17000028
2019-10-10 17:49:14 :: Distribution: International
2019-10-10 17:49:14 :: Branch point: 190
2019-10-10 17:49:14 :: System time: Thu Oct 10 17:49:12 2019
2019-10-10 17:49:14 :: 
2019-10-10 17:49:14 :: S548DF4K17000028 #
2019-10-10 17:49:18 :: show switch trunk
2019-10-10 17:49:18 :: config switch trunk
2019-10-10 17:49:18 ::     edit "8DF4K17000014-0"
2019-10-10 17:49:18 ::         set mode lacp-active
2019-10-10 17:49:18 ::         set auto-isl 1
2019-10-10 17:49:18 ::             set members "port47" "port48"
2019-10-10 17:49:18 ::     next
2019-10-10 17:49:18 ::     edit "704CA5CBC3DC-0"
2019-10-10 17:49:18 ::         set mode lacp-active
2019-10-10 17:49:18 ::         set auto-isl 1
2019-10-10 17:49:18 ::         set isl-fortilink 1
2019-10-10 17:49:18 ::             set members "port50"
2019-10-10 17:49:18 ::     next
2019-10-10 17:49:18 ::     edit "704CA5A8FCFA-0"
2019-10-10 17:49:18 ::         set mode lacp-active
2019-10-10 17:49:18 ::         set auto-isl 1
2019-10-10 17:49:18 ::         set isl-fortilink 1
2019-10-10 17:49:18 ::             set members "port49"
2019-10-10 17:49:18 ::     next
2019-10-10 17:49:18 ::     edit "sw1-trunk"
2019-10-10 17:49:18 ::         set mode lacp-active
2019-10-10 17:49:18 ::         set mclag enable
2019-10-10 17:49:18 ::             set members "port13"
2019-10-10 17:49:18 ::     next
2019-10-10 17:49:18 ::     edit "core1"
2019-10-10 17:49:18 :: --More--                  set mode lacp-active
2019-10-10 17:49:18 ::         set auto-isl 1
2019-10-10 17:49:18 ::             set members "port1" "port2" "port3" "port4"
2019-10-10 17:49:18 ::     next
2019-10-10 17:49:18 :: end
2019-10-10 17:49:18 :: 
2019-10-10 17:49:18 :: S548DF4K17000028 #
2019-10-10 17:49:22 :: diagnose switch mclag peer-consistency-check
2019-10-10 17:49:22 :: 
2019-10-10 17:49:22 ::     ICL is not configured!
2019-10-10 17:49:22 :: 
2019-10-10 17:49:22 :: S548DF4K17000028 #
2019-10-10 17:49:26 :: get switch lldp neighbors-summary
2019-10-10 17:49:26 :: 
2019-10-10 17:49:26 :: Capability codes:
2019-10-10 17:49:26 :: 	R:Router, B:Bridge, T:Telephone, C:DOCSIS Cable Device
2019-10-10 17:49:26 :: 	W:WLAN Access Point, P:Repeater, S:Station, O:Other
2019-10-10 17:49:26 :: MED type codes:
2019-10-10 17:49:26 :: 	Generic:Generic Endpoint (Class 1), Media:Media Endpoint (Class 2)
2019-10-10 17:49:26 :: 	Comms:Communications Endpoint (Class 3), Network:Network Connectivity Device
2019-10-10 17:49:26 :: 
2019-10-10 17:49:26 ::   Portname    Status   Device-name                 TTL   Capability  MED-type  Port-ID
2019-10-10 17:49:26 ::   __________  _______  __________________________  ____  __________  ________  _______
2019-10-10 17:49:26 ::   port1       Up       S548DN4K17000133            120   BR          -         port1
2019-10-10 17:49:26 ::   port2       Up       S548DN4K17000133            120   BR          -         port2
2019-10-10 17:49:26 ::   port3       Up       S548DF4K16000653            120   BR          -         port3
2019-10-10 17:49:26 ::   port4       Up       S548DF4K16000653            120   BR          -         port4
2019-10-10 17:49:26 ::   port5       Down     -                           -     -           -         -
2019-10-10 17:49:26 ::   port6       Down     -                           -     -           -         -
2019-10-10 17:49:26 ::   port7       Down     -                           -     -           -         -
2019-10-10 17:49:26 ::   port8       Down     -                           -     -           -         -
2019-10-10 17:49:26 ::   port9       Down     -                           -     -           -         -
2019-10-10 17:49:26 ::   port10      Down     -                           -     -           -         -
2019-10-10 17:49:26 ::   port11      Down     -                           -     -           -         -
2019-10-10 17:49:26 ::   port12      Down     -                           -     -           -         -
2019-10-10 17:49:26 ::   port13      Down     -                           -     -           -         -
2019-10-10 17:49:26 ::   port14      Down     -                           -     -           -         -
2019-10-10 17:49:26 ::   port15      Down     -                           -     -           -         -
2019-10-10 17:49:26 ::   port16      Down     -                           -     -           -         -
2019-10-10 17:49:26 ::   port17      Down     -                           -     -           -         -
2019-10-10 17:49:26 ::   port18      Down     -                           -     -           -         -
2019-10-10 17:49:26 ::   port19      Down     -                           -     -           -         -
2019-10-10 17:49:26 ::   port20      Down     -                           -     -           -         -
2019-10-10 17:49:26 ::   port21      Down     -                           -     -           -         -
2019-10-10 17:49:26 ::   port22      Down     -                           -     -           -         -
2019-10-10 17:49:26 ::   port23      Down     -                           -     -           -         -
2019-10-10 17:49:26 ::   port24      Down     -                           -     -           -         -
2019-10-10 17:49:26 ::   port25      Down     -                           -     -           -         -
2019-10-10 17:49:26 ::   port26      Down     -                           -     -           -         -
2019-10-10 17:49:26 ::   port27      Down     -                           -     -           -         -
2019-10-10 17:49:26 ::   port28      Down     -                           -     -           -         -
2019-10-10 17:49:26 ::   port29      Down     -                           -     -           -         -
2019-10-10 17:49:26 ::   port30      Down     -                           -     -           -         -
2019-10-10 17:49:26 ::   port31      Down     -                           -     -           -         -
2019-10-10 17:49:26 ::   port32      Down     -                           -     -           -         -
2019-10-10 17:49:26 ::   port33      Down     -                           -     -           -         -
2019-10-10 17:49:26 ::   port34      Down     -                           -     -           -         -
2019-10-10 17:49:26 ::   port35      Down     -                           -     -           -         -
2019-10-10 17:49:26 ::   port36      Down     -                           -     -           -         -
2019-10-10 17:49:26 ::   port37      Down     -                           -     -           -         -
2019-10-10 17:49:26 ::   port38      Down     -                           -     -           -         -
2019-10-10 17:49:26 ::   port39      Down     -                           -     -           -         -
2019-10-10 17:49:26 ::   port40      Down     -                           -     -           -         -
2019-10-10 17:49:26 ::   port41      Down     -                           -     -           -         -
2019-10-10 17:49:26 ::   port42      Down     -                           -     -           -         -
2019-10-10 17:49:26 ::   port43      Down     -                           -     -           -         -
2019-10-10 17:49:26 ::   port44      Down     -                           -     -           -         -
2019-10-10 17:49:26 ::   port45      Down     -                           -     -           -         -
2019-10-10 17:49:26 ::   port46      Down     -                           -     -           -         -
2019-10-10 17:49:26 ::   port47      Up       S548DF4K17000014            120   BR          -         port47
2019-10-10 17:49:26 ::   port48      Up       S548DF4K17000014            120   BR          -         port48
2019-10-10 17:49:26 ::   port49      Up       FortiGate-3960E             120   BR          -         70:4c:a5:a8:fc:c7
2019-10-10 17:49:26 ::   port50      Up       FortiGate-3960E             120   BR          -         70:4c:a5:cb:c3:a9
2019-10-10 17:49:26 ::   port51      Down     -                           -     -           -         -
2019-10-10 17:49:26 ::   port52      Down     -                           -     -           -         -
2019-10-10 17:49:26 ::   port53      Down     -                           -     -           -         -
2019-10-10 17:49:26 ::   port54      Down     -                           -     -           -         -
2019-10-10 17:49:26 :: 
2019-10-10 17:49:26 :: S548DF4K17000028 #
2019-10-10 17:49:30 :: show switch interface port39
2019-10-10 17:49:30 :: config switch interface
2019-10-10 17:49:30 ::     edit "port39"
2019-10-10 17:49:30 ::         set allowed-vlans 4093
2019-10-10 17:49:30 ::         set untagged-vlans 4093
2019-10-10 17:49:30 ::         set snmp-index 39
2019-10-10 17:49:30 ::     next
2019-10-10 17:49:30 :: end
2019-10-10 17:49:30 :: 
2019-10-10 17:49:30 :: S548DF4K17000028 #
2019-10-10 17:49:34 :: get system status
2019-10-10 17:49:34 :: Version: FortiSwitch-548D-FPOE v6.2.0,build0192,191005 (Interim)
2019-10-10 17:49:34 :: Serial-Number: S548DF4K16000653
2019-10-10 17:49:34 :: BIOS version: 04000013
2019-10-10 17:49:34 :: System Part-Number: P18049-04
2019-10-10 17:49:34 :: Burn in MAC: 90:6c:ac:62:14:3e
2019-10-10 17:49:34 :: Hostname: S548DF4K16000653
2019-10-10 17:49:34 :: Distribution: International
2019-10-10 17:49:34 :: Branch point: 192
2019-10-10 17:49:34 :: System time: Thu Oct 10 17:49:32 2019
2019-10-10 17:49:34 :: 
2019-10-10 17:49:34 :: S548DF4K16000653 #
2019-10-10 17:49:38 :: show switch trunk
2019-10-10 17:49:38 :: config switch trunk
2019-10-10 17:49:38 ::     edit "8DF4K17000014-0"
2019-10-10 17:49:38 ::         set mode lacp-active
2019-10-10 17:49:38 ::         set auto-isl 1
2019-10-10 17:49:38 ::         set mclag enable
2019-10-10 17:49:38 ::             set members "port1" "port2"
2019-10-10 17:49:38 ::     next
2019-10-10 17:49:38 ::     edit "8DF4K17000028-0"
2019-10-10 17:49:38 ::         set mode lacp-active
2019-10-10 17:49:38 ::         set auto-isl 1
2019-10-10 17:49:38 ::         set mclag enable
2019-10-10 17:49:38 ::             set members "port3" "port4"
2019-10-10 17:49:38 ::     next
2019-10-10 17:49:38 ::     edit "8DN4K17000133-0"
2019-10-10 17:49:38 ::         set mode lacp-active
2019-10-10 17:49:38 ::         set auto-isl 1
2019-10-10 17:49:38 ::         set mclag-icl enable
2019-10-10 17:49:38 ::             set members "port47" "port48"
2019-10-10 17:49:38 ::     next
2019-10-10 17:49:38 ::     edit "trunk1"
2019-10-10 17:49:38 ::         set mode lacp-active
2019-10-10 17:49:38 ::         set mclag enable
2019-10-10 17:49:38 ::             set members "port13"
2019-10-10 17:49:38 ::     next
2019-10-10 17:49:38 :: --More--          end
2019-10-10 17:49:38 :: 
2019-10-10 17:49:38 :: S548DF4K16000653 #
2019-10-10 17:49:42 :: diagnose switch mclag peer-consistency-check
2019-10-10 17:49:42 :: 
2019-10-10 17:49:42 ::     Running diagnostic, it may take sometime...
2019-10-10 17:49:42 :: 
2019-10-10 17:49:42 ::     mclag-trunk-name    peer-config lacp-state   stp-state   local-ports            remote-ports
2019-10-10 17:49:42 ::     __________________  ___________ __________   _________   _____________          _____________
2019-10-10 17:49:42 :: 
2019-10-10 17:49:42 ::     8DF4K17000014-0     OK         UP           OK           port1     port2         port3     port4
2019-10-10 17:49:42 ::     8DF4K17000028-0     OK         UP           OK           port3     port4         port1     port2
2019-10-10 17:49:42 ::     8DN4K17000133-0*    OK         UP           OK           port47    port48        port47    port48
2019-10-10 17:49:42 ::     trunk1              OK         UP           OK           port13                  port13
2019-10-10 17:49:42 :: 
2019-10-10 17:49:42 :: S548DF4K16000653 #
2019-10-10 17:49:46 :: get switch lldp neighbors-summary
2019-10-10 17:49:46 :: 
2019-10-10 17:49:46 :: Capability codes:
2019-10-10 17:49:46 :: 	R:Router, B:Bridge, T:Telephone, C:DOCSIS Cable Device
2019-10-10 17:49:46 :: 	W:WLAN Access Point, P:Repeater, S:Station, O:Other
2019-10-10 17:49:46 :: MED type codes:
2019-10-10 17:49:46 :: 	Generic:Generic Endpoint (Class 1), Media:Media Endpoint (Class 2)
2019-10-10 17:49:46 :: 	Comms:Communications Endpoint (Class 3), Network:Network Connectivity Device
2019-10-10 17:49:46 :: 
2019-10-10 17:49:46 ::   Portname    Status   Device-name                 TTL   Capability  MED-type  Port-ID
2019-10-10 17:49:46 ::   __________  _______  __________________________  ____  __________  ________  _______
2019-10-10 17:49:46 ::   port1       Up       S548DF4K17000014            120   BR          -         port1
2019-10-10 17:49:46 ::   port2       Up       S548DF4K17000014            120   BR          -         port2
2019-10-10 17:49:46 ::   port3       Up       S548DF4K17000028            120   BR          -         port3
2019-10-10 17:49:46 ::   port4       Up       S548DF4K17000028            120   BR          -         port4
2019-10-10 17:49:46 ::   port5       Down     -                           -     -           -         -
2019-10-10 17:49:46 ::   port6       Down     -                           -     -           -         -
2019-10-10 17:49:46 ::   port7       Down     -                           -     -           -         -
2019-10-10 17:49:46 ::   port8       Down     -                           -     -           -         -
2019-10-10 17:49:46 ::   port9       Down     -                           -     -           -         -
2019-10-10 17:49:46 ::   port10      Down     -                           -     -           -         -
2019-10-10 17:49:46 ::   port11      Down     -                           -     -           -         -
2019-10-10 17:49:46 ::   port12      Down     -                           -     -           -         -
2019-10-10 17:49:46 ::   port13      Up       SW2                         120   BR          Network   port13
2019-10-10 17:49:46 ::   port14      Down     -                           -     -           -         -
2019-10-10 17:49:46 ::   port15      Down     -                           -     -           -         -
2019-10-10 17:49:46 ::   port16      Down     -                           -     -           -         -
2019-10-10 17:49:46 ::   port17      Down     -                           -     -           -         -
2019-10-10 17:49:46 ::   port18      Down     -                           -     -           -         -
2019-10-10 17:49:46 ::   port19      Down     -                           -     -           -         -
2019-10-10 17:49:46 ::   port20      Down     -                           -     -           -         -
2019-10-10 17:49:46 ::   port21      Down     -                           -     -           -         -
2019-10-10 17:49:46 ::   port22      Down     -                           -     -           -         -
2019-10-10 17:49:46 ::   port23      Down     -                           -     -           -         -
2019-10-10 17:49:46 ::   port24      Down     -                           -     -           -         -
2019-10-10 17:49:46 ::   port25      Down     -                           -     -           -         -
2019-10-10 17:49:46 ::   port26      Down     -                           -     -           -         -
2019-10-10 17:49:46 ::   port27      Down     -                           -     -           -         -
2019-10-10 17:49:46 ::   port28      Down     -                           -     -           -         -
2019-10-10 17:49:46 ::   port29      Down     -                           -     -           -         -
2019-10-10 17:49:46 ::   port30      Down     -                           -     -           -         -
2019-10-10 17:49:46 ::   port31      Down     -                           -     -           -         -
2019-10-10 17:49:46 ::   port32      Down     -                           -     -           -         -
2019-10-10 17:49:46 ::   port33      Down     -                           -     -           -         -
2019-10-10 17:49:46 ::   port34      Down     -                           -     -           -         -
2019-10-10 17:49:46 ::   port35      Down     -                           -     -           -         -
2019-10-10 17:49:46 ::   port36      Down     -                           -     -           -         -
2019-10-10 17:49:46 ::   port37      Down     -                           -     -           -         -
2019-10-10 17:49:46 ::   port38      Down     -                           -     -           -         -
2019-10-10 17:49:46 ::   port39      Up       -                           -     -           -         -
2019-10-10 17:49:46 ::   port40      Down     -                           -     -           -         -
2019-10-10 17:49:46 ::   port41      Down     -                           -     -           -         -
2019-10-10 17:49:46 ::   port42      Down     -                           -     -           -         -
2019-10-10 17:49:46 ::   port43      Down     -                           -     -           -         -
2019-10-10 17:49:46 ::   port44      Down     -                           -     -           -         -
2019-10-10 17:49:46 ::   port45      Down     -                           -     -           -         -
2019-10-10 17:49:46 ::   port46      Down     -                           -     -           -         -
2019-10-10 17:49:46 ::   port47      Up       S548DN4K17000133            120   BR          -         port47
2019-10-10 17:49:46 ::   port48      Up       S548DN4K17000133            120   BR          -         port48
2019-10-10 17:49:46 ::   port49      Down     -                           -     -           -         -
2019-10-10 17:49:46 ::   port50      Down     -                           -     -           -         -
2019-10-10 17:49:46 ::   port51      Down     -                           -     -           -         -
2019-10-10 17:49:46 ::   port52      Down     -                           -     -           -         -
2019-10-10 17:49:46 ::   port53      Down     -                           -     -           -         -
2019-10-10 17:49:46 ::   port54      Down     -                           -     -           -         -
2019-10-10 17:49:46 :: 
2019-10-10 17:49:46 :: S548DF4K16000653 #
2019-10-10 17:49:50 :: show switch interface port39
2019-10-10 17:49:50 :: config switch interface
2019-10-10 17:49:50 ::     edit "port39"
2019-10-10 17:49:50 ::         set allowed-vlans 4093
2019-10-10 17:49:50 ::         set untagged-vlans 4093
2019-10-10 17:49:50 ::         set snmp-index 39
2019-10-10 17:49:50 ::         set log-mac-event enable
2019-10-10 17:49:50 ::     next
2019-10-10 17:49:50 :: end
2019-10-10 17:49:50 :: 
2019-10-10 17:49:50 :: S548DF4K16000653 #
2019-10-10 17:49:54 :: get system status
2019-10-10 17:49:54 :: Version: FortiSwitch-548D v6.2.0,build0192,191005 (Interim)
2019-10-10 17:49:54 :: Serial-Number: S548DN4K17000133
2019-10-10 17:49:54 :: BIOS version: 04000013
2019-10-10 17:49:54 :: System Part-Number: P18057-06
2019-10-10 17:49:54 :: Burn in MAC: 70:4c:a5:79:22:5a
2019-10-10 17:49:54 :: Hostname: S548DN4K17000133
2019-10-10 17:49:54 :: Distribution: International
2019-10-10 17:49:54 :: Branch point: 192
2019-10-10 17:49:54 :: System time: Thu Oct 10 17:49:52 2019
2019-10-10 17:49:54 :: 
2019-10-10 17:49:54 :: S548DN4K17000133 #
2019-10-10 17:49:58 :: show switch trunk
2019-10-10 17:49:58 :: config switch trunk
2019-10-10 17:49:58 ::     edit "8DF4K17000028-0"
2019-10-10 17:49:58 ::         set mode lacp-active
2019-10-10 17:49:58 ::         set auto-isl 1
2019-10-10 17:49:58 ::         set mclag enable
2019-10-10 17:49:58 ::             set members "port1" "port2"
2019-10-10 17:49:58 ::     next
2019-10-10 17:49:58 ::     edit "8DF4K17000014-0"
2019-10-10 17:49:58 ::         set mode lacp-active
2019-10-10 17:49:58 ::         set auto-isl 1
2019-10-10 17:49:58 ::         set mclag enable
2019-10-10 17:49:58 ::             set members "port3" "port4"
2019-10-10 17:49:58 ::     next
2019-10-10 17:49:58 ::     edit "8DF4K16000653-0"
2019-10-10 17:49:58 ::         set mode lacp-active
2019-10-10 17:49:58 ::         set auto-isl 1
2019-10-10 17:49:58 ::         set mclag-icl enable
2019-10-10 17:49:58 ::             set members "port47" "port48"
2019-10-10 17:49:58 ::     next
2019-10-10 17:49:58 ::     edit "trunk1"
2019-10-10 17:49:58 ::         set mode lacp-active
2019-10-10 17:49:58 ::         set mclag enable
2019-10-10 17:49:58 ::             set members "port13"
2019-10-10 17:49:58 ::     next
2019-10-10 17:49:58 :: --More--          end
2019-10-10 17:49:58 :: 
2019-10-10 17:49:58 :: S548DN4K17000133 #
2019-10-10 17:50:02 :: diagnose switch mclag peer-consistency-check
2019-10-10 17:50:02 :: 
2019-10-10 17:50:02 ::     Running diagnostic, it may take sometime...
2019-10-10 17:50:02 :: 
2019-10-10 17:50:02 ::     mclag-trunk-name    peer-config lacp-state   stp-state   local-ports            remote-ports
2019-10-10 17:50:02 ::     __________________  ___________ __________   _________   _____________          _____________
2019-10-10 17:50:02 :: 
2019-10-10 17:50:02 ::     8DF4K16000653-0*    OK         UP           OK           port47    port48        port47    port48
2019-10-10 17:50:02 ::     8DF4K17000014-0     OK         UP           OK           port3     port4         port1     port2
2019-10-10 17:50:02 ::     8DF4K17000028-0     OK         UP           OK           port1     port2         port3     port4
2019-10-10 17:50:02 ::     trunk1              OK         UP           OK           port13                  port13
2019-10-10 17:50:02 :: 
2019-10-10 17:50:02 :: S548DN4K17000133 #
2019-10-10 17:50:06 :: get switch lldp neighbors-summary
2019-10-10 17:50:06 :: 
2019-10-10 17:50:06 :: Capability codes:
2019-10-10 17:50:06 :: 	R:Router, B:Bridge, T:Telephone, C:DOCSIS Cable Device
2019-10-10 17:50:06 :: 	W:WLAN Access Point, P:Repeater, S:Station, O:Other
2019-10-10 17:50:06 :: MED type codes:
2019-10-10 17:50:06 :: 	Generic:Generic Endpoint (Class 1), Media:Media Endpoint (Class 2)
2019-10-10 17:50:06 :: 	Comms:Communications Endpoint (Class 3), Network:Network Connectivity Device
2019-10-10 17:50:06 :: 
2019-10-10 17:50:06 ::   Portname    Status   Device-name                 TTL   Capability  MED-type  Port-ID
2019-10-10 17:50:06 ::   __________  _______  __________________________  ____  __________  ________  _______
2019-10-10 17:50:06 ::   port1       Up       S548DF4K17000028            120   BR          -         port1
2019-10-10 17:50:06 ::   port2       Up       S548DF4K17000028            120   BR          -         port2
2019-10-10 17:50:06 ::   port3       Up       S548DF4K17000014            120   BR          -         port3
2019-10-10 17:50:06 ::   port4       Up       S548DF4K17000014            120   BR          -         port4
2019-10-10 17:50:06 ::   port5       Down     -                           -     -           -         -
2019-10-10 17:50:06 ::   port6       Down     -                           -     -           -         -
2019-10-10 17:50:06 ::   port7       Down     -                           -     -           -         -
2019-10-10 17:50:06 ::   port8       Down     -                           -     -           -         -
2019-10-10 17:50:06 ::   port9       Down     -                           -     -           -         -
2019-10-10 17:50:06 ::   port10      Down     -                           -     -           -         -
2019-10-10 17:50:06 ::   port11      Down     -                           -     -           -         -
2019-10-10 17:50:06 ::   port12      Down     -                           -     -           -         -
2019-10-10 17:50:06 ::   port13      Up       SW2                         120   BR          Network   port14
2019-10-10 17:50:06 ::   port14      Down     -                           -     -           -         -
2019-10-10 17:50:06 ::   port15      Down     -                           -     -           -         -
2019-10-10 17:50:06 ::   port16      Down     -                           -     -           -         -
2019-10-10 17:50:06 ::   port17      Down     -                           -     -           -         -
2019-10-10 17:50:06 ::   port18      Down     -                           -     -           -         -
2019-10-10 17:50:06 ::   port19      Down     -                           -     -           -         -
2019-10-10 17:50:06 ::   port20      Down     -                           -     -           -         -
2019-10-10 17:50:06 ::   port21      Down     -                           -     -           -         -
2019-10-10 17:50:06 ::   port22      Down     -                           -     -           -         -
2019-10-10 17:50:06 ::   port23      Down     -                           -     -           -         -
2019-10-10 17:50:06 ::   port24      Down     -                           -     -           -         -
2019-10-10 17:50:06 ::   port25      Down     -                           -     -           -         -
2019-10-10 17:50:06 ::   port26      Down     -                           -     -           -         -
2019-10-10 17:50:06 ::   port27      Down     -                           -     -           -         -
2019-10-10 17:50:06 ::   port28      Down     -                           -     -           -         -
2019-10-10 17:50:06 ::   port29      Down     -                           -     -           -         -
2019-10-10 17:50:06 ::   port30      Down     -                           -     -           -         -
2019-10-10 17:50:06 ::   port31      Down     -                           -     -           -         -
2019-10-10 17:50:06 ::   port32      Down     -                           -     -           -         -
2019-10-10 17:50:06 ::   port33      Down     -                           -     -           -         -
2019-10-10 17:50:06 ::   port34      Down     -                           -     -           -         -
2019-10-10 17:50:06 ::   port35      Down     -                           -     -           -         -
2019-10-10 17:50:06 ::   port36      Down     -                           -     -           -         -
2019-10-10 17:50:06 ::   port37      Down     -                           -     -           -         -
2019-10-10 17:50:06 ::   port38      Down     -                           -     -           -         -
2019-10-10 17:50:06 ::   port39      Up       -                           -     -           -         -
2019-10-10 17:50:06 ::   port40      Down     -                           -     -           -         -
2019-10-10 17:50:06 ::   port41      Down     -                           -     -           -         -
2019-10-10 17:50:06 ::   port42      Down     -                           -     -           -         -
2019-10-10 17:50:06 ::   port43      Down     -                           -     -           -         -
2019-10-10 17:50:06 ::   port44      Down     -                           -     -           -         -
2019-10-10 17:50:06 ::   port45      Down     -                           -     -           -         -
2019-10-10 17:50:06 ::   port46      Down     -                           -     -           -         -
2019-10-10 17:50:06 ::   port47      Up       S548DF4K16000653            120   BR          -         port47
2019-10-10 17:50:06 ::   port48      Up       S548DF4K16000653            120   BR          -         port48
2019-10-10 17:50:06 ::   port49      Down     -                           -     -           -         -
2019-10-10 17:50:06 ::   port50      Down     -                           -     -           -         -
2019-10-10 17:50:06 ::   port51      Down     -                           -     -           -         -
2019-10-10 17:50:06 ::   port52      Down     -                           -     -           -         -
2019-10-10 17:50:06 ::   port53      Down     -                           -     -           -         -
2019-10-10 17:50:06 ::   port54      Down     -                           -     -           -         -
2019-10-10 17:50:06 :: 
2019-10-10 17:50:06 :: S548DN4K17000133 #
2019-10-10 17:50:10 :: show switch interface port39
2019-10-10 17:50:10 :: config switch interface
2019-10-10 17:50:10 ::     edit "port39"
2019-10-10 17:50:10 ::         set allowed-vlans 4093
2019-10-10 17:50:10 ::         set untagged-vlans 4093
2019-10-10 17:50:10 ::         set snmp-index 39
2019-10-10 17:50:10 ::         set log-mac-event enable
2019-10-10 17:50:10 ::     next
2019-10-10 17:50:10 :: end
2019-10-10 17:50:10 :: 
2019-10-10 17:50:10 :: S548DN4K17000133 #
